GL_LOG_FILE log. Local time Mon Jan 11 21:09:40 2016

starting GLFW 3.2.0 X11 GLX clock_gettime /dev/js XI Xf86vmcreating shader from /home/alvaregd/Documents/Games/aquarium/skybox/skybox.vert...
shader compiled. index 1
creating shader from /home/alvaregd/Documents/Games/aquarium/skybox/skybox.frag...
shader compiled. index 2
created programme 3. attaching shaders 1 and 2...
program 3 GL_VALIDATE_STATUS = GL_TRUE
creating shader from /home/alvaregd/Documents/Games/aquarium/ray/ray.vert...
shader compiled. index 4
creating shader from /home/alvaregd/Documents/Games/aquarium/ray/ray.frag...
shader compiled. index 5
created programme 6. attaching shaders 4 and 5...
program 6 GL_VALIDATE_STATUS = GL_TRUE
creating shader from /home/alvaregd/Documents/Games/aquarium/dynamic/mesh.vert...
shader compiled. index 7
creating shader from /home/alvaregd/Documents/Games/aquarium/dynamic/mesh.frag...
shader compiled. index 8
created programme 9. attaching shaders 7 and 8...
program 9 GL_VALIDATE_STATUS = GL_TRUE
creating shader from /home/alvaregd/Documents/Games/aquarium/dynamic/bone.vert...
shader compiled. index 10
creating shader from /home/alvaregd/Documents/Games/aquarium/dynamic/bone.frag...
shader compiled. index 11
created programme 12. attaching shaders 10 and 11...
program 12 GL_VALIDATE_STATUS = GL_TRUE
creating shader from /home/alvaregd/Documents/Games/aquarium/glass/debug.vert...
shader compiled. index 13
creating shader from /home/alvaregd/Documents/Games/aquarium/glass/debug.frag...
shader compiled. index 14
creating shader from /home/alvaregd/Documents/Games/aquarium/glass/triangle.geom...
shader compiled. index 15
created programme 16. attaching shaders 13 and 14...
program 16 GL_VALIDATE_STATUS = GL_TRUE
creating shader from /home/alvaregd/Documents/Games/aquarium/glass/screen.vert...
shader compiled. index 17
creating shader from /home/alvaregd/Documents/Games/aquarium/glass/screen.frag...
shader compiled. index 18
created programme 19. attaching shaders 17 and 18...
program 19 GL_VALIDATE_STATUS = GL_TRUE
creating shader from /home/alvaregd/Documents/Games/aquarium/glass/glass.vert...
shader compiled. index 20
creating shader from /home/alvaregd/Documents/Games/aquarium/glass/glass.frag...
shader compiled. index 21
creating shader from /home/alvaregd/Documents/Games/aquarium/glass/glass.geom...
shader compiled. index 22
created programme 23. attaching shaders 20 and 21...
program 23 GL_VALIDATE_STATUS = GL_TRUE
creating shader from /home/alvaregd/Documents/Games/aquarium/terrain/terrain_underwater.vert...
shader compiled. index 24
creating shader from /home/alvaregd/Documents/Games/aquarium/terrain/terrain_underwater.frag...
shader compiled. index 25
created programme 26. attaching shaders 24 and 25...
program 26 GL_VALIDATE_STATUS = GL_TRUE
creating shader from /home/alvaregd/Documents/Games/aquarium/water/water.vert...
shader compiled. index 27
creating shader from /home/alvaregd/Documents/Games/aquarium/water/water.frag...
shader compiled. index 28
created programme 29. attaching shaders 27 and 28...
program 29 GL_VALIDATE_STATUS = GL_TRUE
